Using pre-set license
Built from '2020.3/release' branch; Version is '2020.3.7f1 (dd97f2c94397) revision 14522354'; Using compiler version '192528614'; Build Type 'Release'
OS: 'Windows 10 Education; OS build 19041.985; Version 2004; 64bit' Language: 'pl' Physical Memory: 16227 MB
BatchMode: 1, IsHumanControllingUs: 0, StartBugReporterOnCrash: 0, Is64bit: 1, IsPro: 0

 COMMAND LINE ARGUMENTS:
C:\Program Files\Unity\Hub\Editor\2020.3.7f1\Editor\Unity.exe
-adb2
-batchMode
-noUpm
-name
AssetImportWorker0
-projectPath
D:/Ti18/Gry/gry-projekt/WIETTerror
-logFile
Logs/AssetImportWorker0.log
-srvPort
56617
Successfully changed project path to: D:/Ti18/Gry/gry-projekt/WIETTerror
D:/Ti18/Gry/gry-projekt/WIETTerror
Using Asset Import Pipeline V2.
Refreshing native plugins compatible for Editor in 36.10 ms, found 1 plugins.
Preloading 0 native plugins for Editor in 0.00 ms.
Initialize engine version: 2020.3.7f1 (dd97f2c94397)
[Subsystems] Discovering subsystems at path C:/Program Files/Unity/Hub/Editor/2020.3.7f1/Editor/Data/Resources/UnitySubsystems
[Subsystems] Discovering subsystems at path D:/Ti18/Gry/gry-projekt/WIETTerror/Assets
GfxDevice: creating device client; threaded=0
Direct3D:
    Version:  Direct3D 11.0 [level 11.1]
    Renderer: NVIDIA GeForce GTX 1050 (ID=0x1c92)
    Vendor:   
    VRAM:     4021 MB
    Driver:   26.21.14.3184
Initialize mono
Mono path[0] = 'C:/Program Files/Unity/Hub/Editor/2020.3.7f1/Editor/Data/Managed'
Mono path[1] = 'C:/Program Files/Unity/Hub/Editor/2020.3.7f1/Editor/Data/MonoBleedingEdge/lib/mono/unityjit'
Mono config path = 'C:/Program Files/Unity/Hub/Editor/2020.3.7f1/Editor/Data/MonoBleedingEdge/etc'
Using monoOptions --debugger-agent=transport=dt_socket,embedding=1,server=y,suspend=n,address=127.0.0.1:56472
Begin MonoManager ReloadAssembly
Registering precompiled unity dll's ...
Register platform support module: C:/Program Files/Unity/Hub/Editor/2020.3.7f1/Editor/Data/PlaybackEngines/WindowsStandaloneSupport/UnityEditor.WindowsStandalone.Extensions.dll
Registered in 0.001919 seconds.
Native extension for WindowsStandalone target not found
Refreshing native plugins compatible for Editor in 33.72 ms, found 1 plugins.
Preloading 0 native plugins for Editor in 0.00 ms.
Mono: successfully reloaded assembly
- Completed reload, in  0.993 seconds
Platform modules already initialized, skipping
Registering precompiled user dll's ...
Registered in 0.000789 seconds.
Begin MonoManager ReloadAssembly
Native extension for WindowsStandalone target not found
Refreshing native plugins compatible for Editor in 33.95 ms, found 1 plugins.
Preloading 0 native plugins for Editor in 0.00 ms.
Mono: successfully reloaded assembly
- Completed reload, in  0.864 seconds
Platform modules already initialized, skipping
========================================================================
Worker process is ready to serve import requests
Launched and connected shader compiler UnityShaderCompiler.exe after 0.04 seconds
Refreshing native plugins compatible for Editor in 0.34 ms, found 1 plugins.
Preloading 0 native plugins for Editor in 0.00 ms.
Unloading 1824 Unused Serialized files (Serialized files now loaded: 0)
System memory in use before: 86.7 MB.
System memory in use after: 86.7 MB.

Unloading 24 unused Assets to reduce memory usage. Loaded Objects now: 2266.
Total: 1.952300 ms (FindLiveObjects: 0.168300 ms CreateObjectMapping: 0.067500 ms MarkObjects: 1.596100 ms  DeleteObjects: 0.119400 ms)

========================================================================
Received Import Request.
  path: Assets/CUSTOM/minus.png
  artifactKey: Guid(3c8d45d307b881d44bef919bdc7c96b5) Importer(815301076,1909f56bfc062723c751e8b465ee728b)
Start importing Assets/CUSTOM/minus.png using Guid(3c8d45d307b881d44bef919bdc7c96b5) Importer(815301076,1909f56bfc062723c751e8b465ee728b)  -> (artifact id: 'bdb3f12b42c77358aa425914e4974bbb') in 0.136306 seconds
  Import took 0.139073 seconds .

========================================================================
Received Import Request.
  Time since last request: 0.000343 seconds.
  path: Assets/CUSTOM/kable.png
  artifactKey: Guid(10e85a06f5cf75747866f158a523d8c8) Importer(815301076,1909f56bfc062723c751e8b465ee728b)
Start importing Assets/CUSTOM/kable.png using Guid(10e85a06f5cf75747866f158a523d8c8) Importer(815301076,1909f56bfc062723c751e8b465ee728b)  -> (artifact id: '46c2d7f1e928c23c72ab0c001784a7d4') in 0.019280 seconds
  Import took 0.023117 seconds .

========================================================================
Received Import Request.
  Time since last request: 0.000435 seconds.
  path: Assets/CUSTOM/router.png
  artifactKey: Guid(04829a686f3163844a8a5592fb75cbd6) Importer(815301076,1909f56bfc062723c751e8b465ee728b)
Start importing Assets/CUSTOM/router.png using Guid(04829a686f3163844a8a5592fb75cbd6) Importer(815301076,1909f56bfc062723c751e8b465ee728b)  -> (artifact id: '251cc38a3ad30929701420fa8352a165') in 0.019640 seconds
  Import took 0.023775 seconds .

========================================================================
Received Import Request.
  Time since last request: 0.000302 seconds.
  path: Assets/CUSTOM/plus.png
  artifactKey: Guid(ccea3417e267cd747898bab79c4e479f) Importer(815301076,1909f56bfc062723c751e8b465ee728b)
Start importing Assets/CUSTOM/plus.png using Guid(ccea3417e267cd747898bab79c4e479f) Importer(815301076,1909f56bfc062723c751e8b465ee728b)  -> (artifact id: '7d1267284984f80ecd0f783a2ff111bb') in 0.011978 seconds
  Import took 0.015921 seconds .

========================================================================
Received Import Request.
  Time since last request: 0.000275 seconds.
  path: Assets/CUSTOM/zubrowka.png
  artifactKey: Guid(7c443a8e7f51be9428389bfafbbbdede) Importer(815301076,1909f56bfc062723c751e8b465ee728b)
Start importing Assets/CUSTOM/zubrowka.png using Guid(7c443a8e7f51be9428389bfafbbbdede) Importer(815301076,1909f56bfc062723c751e8b465ee728b)  -> (artifact id: '0869df712bd56c339274bac8cd0e7108') in 0.014507 seconds
  Import took 0.017566 seconds .

========================================================================
Received Import Request.
  Time since last request: 0.000215 seconds.
  path: Assets/CUSTOM
  artifactKey: Guid(277085a24e3976b448408a6eaccca652) Importer(815301076,1909f56bfc062723c751e8b465ee728b)
Start importing Assets/CUSTOM using Guid(277085a24e3976b448408a6eaccca652) Importer(815301076,1909f56bfc062723c751e8b465ee728b)  -> (artifact id: 'abdccd49bc57857f877a0d19b20b8af5') in 0.007086 seconds
  Import took 0.011146 seconds .

========================================================================
Received Import Request.
  Time since last request: 0.000213 seconds.
  path: Assets/CUSTOM/kula.png
  artifactKey: Guid(6e184093f43e4eb4087d592ce98c95f3) Importer(815301076,1909f56bfc062723c751e8b465ee728b)
Start importing Assets/CUSTOM/kula.png using Guid(6e184093f43e4eb4087d592ce98c95f3) Importer(815301076,1909f56bfc062723c751e8b465ee728b)  -> (artifact id: '64e522d37d05527a5c668492ec7f0c07') in 0.014608 seconds
  Import took 0.017524 seconds .

========================================================================
Received Import Request.
  Time since last request: 0.000316 seconds.
  path: Assets/CUSTOM/podanie.png
  artifactKey: Guid(dc739a3eaced38a42bab1de925a287fd) Importer(815301076,1909f56bfc062723c751e8b465ee728b)
Start importing Assets/CUSTOM/podanie.png using Guid(dc739a3eaced38a42bab1de925a287fd) Importer(815301076,1909f56bfc062723c751e8b465ee728b)  -> (artifact id: '0bfcfb095d631b233227dcb485fcbb80') in 0.014020 seconds
  Import took 0.016782 seconds .

========================================================================
Received Import Request.
  Time since last request: 0.000293 seconds.
  path: Assets/CUSTOM/antena.png
  artifactKey: Guid(f59667abd60634041915dd099704ff6f) Importer(815301076,1909f56bfc062723c751e8b465ee728b)
Start importing Assets/CUSTOM/antena.png using Guid(f59667abd60634041915dd099704ff6f) Importer(815301076,1909f56bfc062723c751e8b465ee728b)  -> (artifact id: '0cbc2248d1466bc8c5f50cc78b78e5de') in 0.016545 seconds
  Import took 0.019740 seconds .

========================================================================
Received Prepare
Registering precompiled user dll's ...
Registered in 0.000858 seconds.
Begin MonoManager ReloadAssembly
Native extension for WindowsStandalone target not found
Refreshing native plugins compatible for Editor in 0.33 ms, found 1 plugins.
Preloading 0 native plugins for Editor in 0.00 ms.
Mono: successfully reloaded assembly
- Completed reload, in  0.842 seconds
Platform modules already initialized, skipping
Refreshing native plugins compatible for Editor in 0.35 ms, found 1 plugins.
Preloading 0 native plugins for Editor in 0.00 ms.
Unloading 1806 Unused Serialized files (Serialized files now loaded: 0)
System memory in use before: 88.7 MB.
System memory in use after: 88.7 MB.

Unloading 12 unused Assets to reduce memory usage. Loaded Objects now: 2276.
Total: 2.263700 ms (FindLiveObjects: 0.271500 ms CreateObjectMapping: 0.065200 ms MarkObjects: 1.786100 ms  DeleteObjects: 0.139700 ms)

========================================================================
Received Prepare
Registering precompiled user dll's ...
Registered in 0.000806 seconds.
Begin MonoManager ReloadAssembly
Native extension for WindowsStandalone target not found
Refreshing native plugins compatible for Editor in 0.34 ms, found 1 plugins.
Preloading 0 native plugins for Editor in 0.00 ms.
Mono: successfully reloaded assembly
- Completed reload, in  0.825 seconds
Platform modules already initialized, skipping
Refreshing native plugins compatible for Editor in 0.36 ms, found 1 plugins.
Preloading 0 native plugins for Editor in 0.00 ms.
Unloading 1806 Unused Serialized files (Serialized files now loaded: 0)
System memory in use before: 88.7 MB.
System memory in use after: 88.7 MB.

Unloading 12 unused Assets to reduce memory usage. Loaded Objects now: 2280.
Total: 2.103500 ms (FindLiveObjects: 0.223700 ms CreateObjectMapping: 0.112000 ms MarkObjects: 1.664100 ms  DeleteObjects: 0.102600 ms)

AssetImportWorkerClient::OnTransportError - code=2 error=End of file
